C51 COMPILER V9.01   1                                                                     11/28/2012 23:53:20 PAGE 1   


C51 COMPILER V9.01, COMPILATION OF MODULE 1
OBJECT MODULE PLACED IN 1.OBJ
COMPILER INVOKED BY: d:\Keil\C51\BIN\C51.EXE 1.c BROWSE DEBUG OBJECTEXTEND

line level    source

   1          #include<reg51.h>
   2          #define uchar unsigned char
   3          #define uint unsigned int
   4          uchar  table[]={0Xc0,0XF9,0XA4,0XB0,0X99,0X92,0X82,0XF8,0X80,0X90};   //0―9段码
   5          uchar  bufer[]={0x1f,0x2f,0x4f,0x8f};
   6          
   7          uchar miao,fen,aa;       //定义miao,fen,以及数数用的aa(aa==20时够一秒钟)
   8          void display();
   9          void delay(uint z);
  10          void chushihua();
  11          void main()
  12          {   
  13   1         chushihua();//初始化
  14   1          while(1) //死循环
  15   1          {
  16   2       
  17   2         display();//进入显示程序
  18   2          }
  19   1      }
  20          void chushihua()           //初始化
  21          { 
  22   1       
  23   1          TMOD=0x01;
  24   1          TH0=(65536-50000)/256;
  25   1          TL0=(65536-50000)%256;
  26   1          EA=1;
  27   1          ET0=1;
  28   1          TR0=1; 
  29   1      }
  30          void delay(uint z)    //延时
  31          {
  32   1          uint x,y;
  33   1          for(x=0;x<z;x++)
  34   1              for(y=0;y<110;y++);
  35   1      }
  36          
  37          void display()//数码显示函数
  38          {
  39   1          P2=bufer[0];
  40   1          P0=table[fen/10];
  41   1          delay(5);
  42   1      
  43   1          P2=bufer[1];
  44   1          P0=table[fen%10];
  45   1          delay(5);
  46   1      
  47   1          P2=bufer[2];
  48   1          P0=table[miao/10];
  49   1          delay(5);   
  50   1      
  51   1          P2=bufer[3];
  52   1          P0=table[miao%10];
  53   1          delay(5);
  54   1      
  55   1           
C51 COMPILER V9.01   1                                                                     11/28/2012 23:53:20 PAGE 2   

  56   1      }
  57          void timer0() interrupt 1 //中断累加
  58          {
  59   1          TH0=(65536-50000)/256;
  60   1          TL0=(65536-50000)%256;
  61   1          aa++; 
  62   1          if(aa==20)    //当aa==20时，为一秒
  63   1             {
  64   2               aa=0;       //aa清零
  65   2               miao++;
  66   2               if(miao==60)//清零之后，miao加一
  67   2               {   
  68   3                  miao=0;
  69   3                  fen++;
  70   3                  if(fen==60)
  71   3                  {
  72   4                   fen=0;
  73   4            }
  74   3               }
  75   2             }                    
  76   1      
  77   1      
  78   1      
  79   1      }
  80          


MODULE INFORMATION:   STATIC OVERLAYABLE
   CODE SIZE        =    181    ----
   CONSTANT SIZE    =   ----    ----
   XDATA SIZE       =   ----    ----
   PDATA SIZE       =   ----    ----
   DATA SIZE        =     17    ----
   IDATA SIZE       =   ----    ----
   BIT SIZE         =   ----    ----
END OF MODULE INFORMATION.


C51 COMPILATION COMPLETE.  0 WARNING(S),  0 ERROR(S)
