C51 COMPILER V9.00   1                                                                     10/03/2011 22:39:04 PAGE 1   


C51 COMPILER V9.00, COMPILATION OF MODULE 1
OBJECT MODULE PLACED IN 1.OBJ
COMPILER INVOKED BY: D:\installs soft disk\Keil C51\C51\BIN\C51.EXE 1.c BROWSE DEBUG OBJECTEXTEND

line level    source

   1          /*-----利用移位寄存器74ls164实现串并接口转换程序------*/
   2          /*-----2011.4.7   陈贤龙编写---------*/
   3          
   4          #include <reg52.h>
   5          #include<intrins.h>
   6          #define uchar unsigned char
   7          #define uint  unsigned int
   8          
   9          sbit dat_164=P1^0;//164数据线
  10          sbit clk_164=P1^1;//164时钟线
  11          
  12          
  13          void delay(uint z)    //延时
  14          {
  15   1          uint x,y;
  16   1          for(x=0;x<z;x++)
  17   1              for(y=0;y<110;y++);
  18   1      }
  19          
  20          
  21          void sendchar(uchar ch)//向数码管送一字节显示数据
  22          {
  23   1      
  24   1      uchar i;
  25   1      for(i=0;i<8;i++)
  26   1      {
  27   2      clk_164=0;
  28   2      dat_164=ch&0x80;
  29   2      clk_164=1;
  30   2      ch<<=1;
  31   2      }
  32   1      }
  33          
  34          
  35           
  36          
  37          
  38           /*-----------主函数------------------*/
  39          void main()
  40          { 
  41   1       
  42   1       while(1)
  43   1       {
  44   2       
  45   2       ;  
  46   2      }
  47   1      }
  48          


MODULE INFORMATION:   STATIC OVERLAYABLE
   CODE SIZE        =     53    ----
   CONSTANT SIZE    =   ----    ----
   XDATA SIZE       =   ----    ----
   PDATA SIZE       =   ----    ----
C51 COMPILER V9.00   1                                                                     10/03/2011 22:39:04 PAGE 2   

   DATA SIZE        =   ----    ----
   IDATA SIZE       =   ----    ----
   BIT SIZE         =   ----    ----
END OF MODULE INFORMATION.


C51 COMPILATION COMPLETE.  0 WARNING(S),  0 ERROR(S)
