C51 COMPILER V9.01   MAIN                                                                  10/12/2012 22:57:09 PAGE 1   


C51 COMPILER V9.01, COMPILATION OF MODULE MAIN
OBJECT MODULE PLACED IN main.OBJ
COMPILER INVOKED BY: d:\Keil\C51\BIN\C51.EXE main.c BROWSE DEBUG OBJECTEXTEND

line level    source

   1                                    //****************************************************************//
   2          //18b20读单总线使用范例 
   3          //单片机 ：AT89S52 或 STC89C52RC 
   4          // 功能  ：串口发送温湿度数据  波特率 9600 
   5          // 晶振  ：12M (用户系统时钟如不是12M 请更改相关宏定义及注释的延时时间)
   6          // 编译环境:  Keil4
   7          // 编译者  ：陈贤龙  
   8          // 编译日期 ：2012年10月9日   
   9          //****************************************************************//
  10          
  11          #include "reg52.h"
  12          #include <intrins.h>
  13          #define uchar unsigned char
  14          #define uint  unsigned char
  15          
  16          //用户根据自己的晶振修改相应值
  17          #define FOSC  12000000
  18          #define BAUD  9600 
  19          
  20          
  21          
  22          uchar code table2[]={0x00,0x01,0x01,0x02,0x03,0x03,0x04,0x04,0x05,0x06,0x06,0x06,0x07,0x08,0x08,0x09,0x09}
             -;//小数查表
  23          
  24          sbit dq=P0^7;  //DS18B20数据引脚
  25           
  26            
  27          sfr T2MOD  = 0xC9;  //ADD
  28          
  29          uint temp,flag,ch;
  30          
  31          
  32          /********************************************\
  33          |* 功能： 延时  晶振为12M时                                     *|
  34          |* 延时大约 1ms                                                 *|
  35          \********************************************/ 
  36          void Delay_N1ms(unsigned int t)
  37          {
  38   1        unsigned int i;
  39   1        unsigned int j;
  40   1        for(j=t;j>0;j--)
  41   1           for(i=124;i>0;i--);  //延时大约 1ms
  42   1      }
  43          /********************************************\
  44          |* 功能： 初始化串口                                        *|
  45          \********************************************/
  46          void InitUART(void)
  47            {
  48   1          unsigned int iTmpBaud;
  49   1          unsigned long lTmpBaud;
  50   1          iTmpBaud = 0; //首先选定定时器2作为波特率发生器,16位定时器,自动装载
  51   1          SCON = 0x50;        //SM0 SM1 SM2 REN TB8 RB8 TI RI         //0   1   0   1   0   0   0  0  
  52   1              PCON = 0x00;    //PCON的地址是87H,这里SMOD =0
  53   1          T2CON = 0x30;       //TF2 EXF2 RCLK TCLK EXEN2 TR2 C(/T2) CP(/RL2) //0 0 1 1 0 0 0 0 
  54   1              T2MOD = 0x00;   // /    /       /       /               /       /       T2OE    DCEN   //0 0 0 0 0 0 0 0
C51 COMPILER V9.01   MAIN                                                                  10/12/2012 22:57:09 PAGE 2   

  55   1          lTmpBaud = FOSC/BAUD;
  56   1              lTmpBaud /= 32;                                         //12T-mode
  57   1              iTmpBaud = lTmpBaud & 0xFFFF;           
  58   1              iTmpBaud = 65536 - iTmpBaud;
  59   1              RCAP2H = (iTmpBaud>>8) & 0x0FF;
  60   1              RCAP2L = iTmpBaud & 0x0FF;
  61   1              RI = 0;                 //清除接收中断标志
  62   1              REN = 1;                //允许串行接收
  63   1              ES = 1;                 //允许串行中断
  64   1              TR2 = 1;                //启动定时器1
  65   1          EA=1;           //开总中断
  66   1        }  
  67          
  68          /********************************************\
  69          |* 功能： 串口发送函数                              *|
  70          \********************************************/
  71          void UARTSend(char UCHAR)
  72            {
  73   1          SBUF=UCHAR;
  74   1          while(TI==0);
  75   1          TI=0;
  76   1        }
  77          /********************************************\
  78          |* 功能： 串口中断函数                              *|
  79          \********************************************/
  80          void UARTRead(void) interrupt 4
  81            {
  82   1          char temp; 
  83   1          if(RI)
  84   1          {
  85   2            RI=0;
  86   2            temp = SBUF;
  87   2          }
  88   1        }
  89           /********************************************\
  90          |* 功能： 串口发送子函数                                *|
  91          \********************************************/
  92          
  93          void UART_PutString(unsigned char *buf)
  94            {
  95   1              while(*buf)
  96   1            UARTSend(*buf++);
  97   1        }
  98          
  99          
 100          
 101          
 102          void UART_PutStringAndNum(unsigned char *buf ,unsigned int num)
 103            {
 104   1              unsigned char a[4],i;
 105   1              a[4] = '0'+table2[ch];
 106   1              a[3] = '.';
 107   1              a[2] = '0'+num%10;
 108   1              a[1] = '0'+num/10%10;
 109   1              a[0] = '0'+num/100%10;
 110   1              while(*buf)
 111   1          UARTSend(*buf++);
 112   1              UARTSend(' ');
 113   1               for(i=0;i<5;i++)
 114   1              {
 115   2                      UARTSend(a[i]);
 116   2              }
C51 COMPILER V9.01   MAIN                                                                  10/12/2012 22:57:09 PAGE 3   

 117   1         UART_PutString("°C"); 
 118   1         UART_PutString("\r\n");
 119   1        }
 120          
 121          
 122          
 123          
 124          
 125          
 126          
 127          //******************************************
 128            //延时函数
 129            //*****************************************
 130           
 131            void delay(unsigned int us)
 132             {
 133   1         while(us--);
 134   1         }
 135             //******************************************
 136             //ds18b20复位函数
 137             //******************************************
 138             void reset(void)
 139             {
 140   1          uchar x;//
 141   1          dq=1;//
 142   1          delay(8);//延时
 143   1              dq=0;
 144   1              delay(80); //拉低持续480~960us
 145   1              dq=1; //
 146   1              delay(20);//拉高持续60~120us
 147   1              x=dq;
 148   1              delay(20);
 149   1          }
 150           //******************************************
 151           //从ds18b20中读一个字节
 152           //******************************************
 153           uchar readbyte(void)
 154           {uchar i,value;
 155   1        
 156   1        for(i=0;i<8;i++)
 157   1        {dq=0;
 158   2         value>>=1;
 159   2         dq=1;
 160   2         if(dq)
 161   2         value|=0x80;
 162   2         delay(4);//延时让单片机采样
 163   2         }
 164   1        return(value);
 165   1        }
 166           //****************************************
 167           // 从ds18b20中写一个字节
 168           //***************************************
 169           void writebyte(uchar dat)
 170           {
 171   1        uchar i=0;
 172   1        for(i=0;i<8;i++)
 173   1        {dq=0;
 174   2         dq=dat&0x01; //从地位开始写
 175   2         delay(5); //延时60~120US
 176   2         dq=1;   //   拉高
 177   2         dat>>=1; //右移1位
 178   2         }
C51 COMPILER V9.01   MAIN                                                                  10/12/2012 22:57:09 PAGE 4   

 179   1         delay(4);
 180   1        }
 181           
 182             
 183             //********************************************
 184            //  从DS18B20中读取实时温度值
 185               //********************************************
 186            uchar readtemp(void)
 187            {
 188   1        
 189   1        uchar a,b;
 190   1       { 
 191   2        reset(); //初始化18b20
 192   2        writebyte(0xcc);//跳过ROM
 193   2        writebyte(0x44);//启动温度测量
 194   2        delay(50);
 195   2      
 196   2        reset(); //初始化18b20
 197   2        writebyte(0xcc);//跳过ROM
 198   2        writebyte(0xbe);//读9个寄存器，前两个温度
 199   2        
 200   2        a=readbyte(); //低位
 201   2        b=readbyte(); //高位
 202   2        if(b>0x0f) //显示负温度
 203   2        {
 204   3        a=~a+1;
 205   3        if(a==0)
 206   3        b=~b+1;
 207   3        else 
 208   3        b=~b;
 209   3        flag=0xff; //显示符号位-
 210   3        }
 211   2        else  //显示正温度
 212   2        flag=0x00; //显示符号位+
 213   2        ch=a&0x0f; //小数点位
 214   2        a>>=4;
 215   2        b<<=4;
 216   2        b=b|a;   // 整数位
 217   2        
 218   2        }
 219   1        
 220   1         return(b);
 221   1         }
 222          
 223          
 224          
 225          void main(void)
 226          {
 227   1      
 228   1        InitUART();          //初始串口发送函数
 229   1        while(1)
 230   1        {
 231   2              temp=readtemp();
 232   2          Delay_N1ms(1000);     // 延时 2S(两次读取间隔至少2S)
 233   2              UART_PutStringAndNum("current temperature is :  ",temp);        
 234   2              
 235   2              }
 236   1      }


MODULE INFORMATION:   STATIC OVERLAYABLE
   CODE SIZE        =    539    ----
C51 COMPILER V9.01   MAIN                                                                  10/12/2012 22:57:09 PAGE 5   

   CONSTANT SIZE    =     51    ----
   XDATA SIZE       =   ----    ----
   PDATA SIZE       =   ----    ----
   DATA SIZE        =      3      16
   IDATA SIZE       =   ----    ----
   BIT SIZE         =   ----    ----
END OF MODULE INFORMATION.


C51 COMPILATION COMPLETE.  0 WARNING(S),  0 ERROR(S)
